[2020-11-06 13:36:42] local.ERROR: file_put_contents(/var/www/laravel_test/storage/framework/views/8d1911613ca4b74b23e26662e08ebf329c4ca3b9.php): failed to open stream: No such file or directory {"exception":"[object] (ErrorException(code: 0): file_put_contents(/var/www/laravel_test/storage/framework/views/8d1911613ca4b74b23e26662e08ebf329c4ca3b9.php): failed to open stream: No such file or directory at /var/www/laravel_test1/vendor/laravel/framework/src/Illuminate/Filesystem/Filesystem.php:185)
[stacktrace]
#0 [internal function]: Illuminate\\Foundation\\Bootstrap\\HandleExceptions->handleError()
#1 /var/www/laravel_test1/vendor/laravel/framework/src/Illuminate/Filesystem/Filesystem.php(185): file_put_contents()
#2 /var/www/laravel_test1/vendor/laravel/framework/src/Illuminate/View/Compilers/BladeCompiler.php(157): Illuminate\\Filesystem\\Filesystem->put()
#3 /var/www/laravel_test1/vendor/laravel/framework/src/Illuminate/View/Engines/CompilerEngine.php(55): Illuminate\\View\\Compilers\\BladeCompiler->compile()
#4 /var/www/laravel_test1/vendor/facade/ignition/src/Views/Engines/CompilerEngine.php(37): Illuminate\\View\\Engines\\CompilerEngine->get()
#5 /var/www/laravel_test1/vendor/laravel/framework/src/Illuminate/View/View.php(139): Facade\\Ignition\\Views\\Engines\\CompilerEngine->get()
#6 /var/www/laravel_test1/vendor/laravel/framework/src/Illuminate/View/View.php(122): Illuminate\\View\\View->getContents()
#7 /var/www/laravel_test1/vendor/laravel/framework/src/Illuminate/View/View.php(91): Illuminate\\View\\View->renderContents()
#8 /var/www/laravel_test1/vendor/laravel/framework/src/Illuminate/Http/Response.php(62): Illuminate\\View\\View->render()
#9 /var/www/laravel_test1/vendor/laravel/framework/src/Illuminate/Http/Response.php(34): Illuminate\\Http\\Response->setContent()
#10 /var/www/laravel_test1/vendor/laravel/framework/src/Illuminate/Routing/ResponseFactory.php(55): Illuminate\\Http\\Response->__construct()
#11 /var/www/laravel_test1/vendor/laravel/framework/src/Illuminate/Routing/ResponseFactory.php(85): Illuminate\\Routing\\ResponseFactory->make()
#12 /var/www/laravel_test1/vendor/laravel/framework/src/Illuminate/Foundation/Exceptions/Handler.php(550): Illuminate\\Routing\\ResponseFactory->view()
#13 /var/www/laravel_test1/vendor/laravel/framework/src/Illuminate/Foundation/Exceptions/Handler.php(455): Illuminate\\Foundation\\Exceptions\\Handler->renderHttpException()
#14 /var/www/laravel_test1/vendor/laravel/framework/src/Illuminate/Foundation/Exceptions/Handler.php(335): Illuminate\\Foundation\\Exceptions\\Handler->prepareResponse()
#15 /var/www/laravel_test1/vendor/nunomaduro/collision/src/Adapters/Laravel/ExceptionHandler.php(54): Illuminate\\Foundation\\Exceptions\\Handler->render()
#16 /var/www/laravel_test1/vendor/laravel/framework/src/Illuminate/Routing/Pipeline.php(51): NunoMaduro\\Collision\\Adapters\\Laravel\\ExceptionHandler->render()
#17 /var/www/laravel_test1/vendor/laravel/framework/src/Illuminate/Pipeline/Pipeline.php(130): Illuminate\\Routing\\Pipeline->handleException()
#18 /var/www/laravel_test1/vendor/laravel/framework/src/Illuminate/Foundation/Http/Middleware/TransformsRequest.php(21): Illuminate\\Pipeline\\Pipeline->Illuminate\\Pipeline\\{closure}()
#19 /var/www/laravel_test1/vendor/laravel/framework/src/Illuminate/Pipeline/Pipeline.php(167): Illuminate\\Foundation\\Http\\Middleware\\TransformsRequest->handle()
#20 /var/www/laravel_test1/vendor/laravel/framework/src/Illuminate/Foundation/Http/Middleware/TransformsRequest.php(21): Illuminate\\Pipeline\\Pipeline->Illuminate\\Pipeline\\{closure}()
#21 /var/www/laravel_test1/vendor/laravel/framework/src/Illuminate/Pipeline/Pipeline.php(167): Illuminate\\Foundation\\Http\\Middleware\\TransformsRequest->handle()
#22 /var/www/laravel_test1/vendor/laravel/framework/src/Illuminate/Foundation/Http/Middleware/ValidatePostSize.php(27): Illuminate\\Pipeline\\Pipeline->Illuminate\\Pipeline\\{closure}()
#23 /var/www/laravel_test1/vendor/laravel/framework/src/Illuminate/Pipeline/Pipeline.php(167): Illuminate\\Foundation\\Http\\Middleware\\ValidatePostSize->handle()
#24 /var/www/laravel_test1/vendor/laravel/framework/src/Illuminate/Foundation/Http/Middleware/PreventRequestsDuringMaintenance.php(87): Illuminate\\Pipeline\\Pipeline->Illuminate\\Pipeline\\{closure}()
#25 /var/www/laravel_test1/vendor/laravel/framework/src/Illuminate/Pipeline/Pipeline.php(167): Illuminate\\Foundation\\Http\\Middleware\\PreventRequestsDuringMaintenance->handle()
#26 /var/www/laravel_test1/vendor/fruitcake/laravel-cors/src/HandleCors.php(37): Illuminate\\Pipeline\\Pipeline->Illuminate\\Pipeline\\{closure}()
#27 /var/www/laravel_test1/vendor/laravel/framework/src/Illuminate/Pipeline/Pipeline.php(167): Fruitcake\\Cors\\HandleCors->handle()
#28 /var/www/laravel_test1/vendor/fideloper/proxy/src/TrustProxies.php(57): Illuminate\\Pipeline\\Pipeline->Illuminate\\Pipeline\\{closure}()
#29 /var/www/laravel_test1/vendor/laravel/framework/src/Illuminate/Pipeline/Pipeline.php(167): Fideloper\\Proxy\\TrustProxies->handle()
#30 /var/www/laravel_test1/vendor/laravel/framework/src/Illuminate/Pipeline/Pipeline.php(103): Illuminate\\Pipeline\\Pipeline->Illuminate\\Pipeline\\{closure}()
#31 /var/www/laravel_test1/vendor/laravel/framework/src/Illuminate/Foundation/Http/Kernel.php(141): Illuminate\\Pipeline\\Pipeline->then()
#32 /var/www/laravel_test1/vendor/laravel/framework/src/Illuminate/Foundation/Http/Kernel.php(110): Illuminate\\Foundation\\Http\\Kernel->sendRequestThroughRouter()
#33 /var/www/laravel_test1/vendor/laravel/framework/src/Illuminate/Foundation/Testing/Concerns/MakesHttpRequests.php(508): Illuminate\\Foundation\\Http\\Kernel->handle()
#34 /var/www/laravel_test1/tests/Unit/TeHelperTest.php(17): Illuminate\\Foundation\\Testing\\TestCase->call()
#35 /var/www/laravel_test1/vendor/phpunit/phpunit/src/Framework/TestCase.php(1536): Tests\\Unit\\TeHelperTest->testHelper()
#36 /var/www/laravel_test1/vendor/phpunit/phpunit/src/Framework/TestCase.php(1142): PHPUnit\\Framework\\TestCase->runTest()
#37 /var/www/laravel_test1/vendor/phpunit/phpunit/src/Framework/TestResult.php(730): PHPUnit\\Framework\\TestCase->runBare()
#38 /var/www/laravel_test1/vendor/phpunit/phpunit/src/Framework/TestCase.php(883): PHPUnit\\Framework\\TestResult->run()
#39 /var/www/laravel_test1/vendor/phpunit/phpunit/src/Framework/TestSuite.php(669): PHPUnit\\Framework\\TestCase->run()
#40 /var/www/laravel_test1/vendor/phpunit/phpunit/src/TextUI/TestRunner.php(673): PHPUnit\\Framework\\TestSuite->run()
#41 /var/www/laravel_test1/vendor/phpunit/phpunit/src/TextUI/Command.php(148): PHPUnit\\TextUI\\TestRunner->run()
#42 /var/www/laravel_test1/vendor/phpunit/phpunit/src/TextUI/Command.php(101): PHPUnit\\TextUI\\Command->run()
#43 /var/www/laravel_test1/vendor/phpunit/phpunit/phpunit(61): PHPUnit\\TextUI\\Command::main()
#44 {main}
"} 
[2020-11-06 13:42:55] local.ERROR: file_put_contents(/var/www/laravel_test/storage/framework/views/8d1911613ca4b74b23e26662e08ebf329c4ca3b9.php): failed to open stream: No such file or directory {"exception":"[object] (ErrorException(code: 0): file_put_contents(/var/www/laravel_test/storage/framework/views/8d1911613ca4b74b23e26662e08ebf329c4ca3b9.php): failed to open stream: No such file or directory at /var/www/laravel_test1/vendor/laravel/framework/src/Illuminate/Filesystem/Filesystem.php:185)
[stacktrace]
#0 [internal function]: Illuminate\\Foundation\\Bootstrap\\HandleExceptions->handleError()
#1 /var/www/laravel_test1/vendor/laravel/framework/src/Illuminate/Filesystem/Filesystem.php(185): file_put_contents()
#2 /var/www/laravel_test1/vendor/laravel/framework/src/Illuminate/View/Compilers/BladeCompiler.php(157): Illuminate\\Filesystem\\Filesystem->put()
#3 /var/www/laravel_test1/vendor/laravel/framework/src/Illuminate/View/Engines/CompilerEngine.php(55): Illuminate\\View\\Compilers\\BladeCompiler->compile()
#4 /var/www/laravel_test1/vendor/facade/ignition/src/Views/Engines/CompilerEngine.php(37): Illuminate\\View\\Engines\\CompilerEngine->get()
#5 /var/www/laravel_test1/vendor/laravel/framework/src/Illuminate/View/View.php(139): Facade\\Ignition\\Views\\Engines\\CompilerEngine->get()
#6 /var/www/laravel_test1/vendor/laravel/framework/src/Illuminate/View/View.php(122): Illuminate\\View\\View->getContents()
#7 /var/www/laravel_test1/vendor/laravel/framework/src/Illuminate/View/View.php(91): Illuminate\\View\\View->renderContents()
#8 /var/www/laravel_test1/vendor/laravel/framework/src/Illuminate/Http/Response.php(62): Illuminate\\View\\View->render()
#9 /var/www/laravel_test1/vendor/laravel/framework/src/Illuminate/Http/Response.php(34): Illuminate\\Http\\Response->setContent()
#10 /var/www/laravel_test1/vendor/laravel/framework/src/Illuminate/Routing/ResponseFactory.php(55): Illuminate\\Http\\Response->__construct()
#11 /var/www/laravel_test1/vendor/laravel/framework/src/Illuminate/Routing/ResponseFactory.php(85): Illuminate\\Routing\\ResponseFactory->make()
#12 /var/www/laravel_test1/vendor/laravel/framework/src/Illuminate/Foundation/Exceptions/Handler.php(550): Illuminate\\Routing\\ResponseFactory->view()
#13 /var/www/laravel_test1/vendor/laravel/framework/src/Illuminate/Foundation/Exceptions/Handler.php(455): Illuminate\\Foundation\\Exceptions\\Handler->renderHttpException()
#14 /var/www/laravel_test1/vendor/laravel/framework/src/Illuminate/Foundation/Exceptions/Handler.php(335): Illuminate\\Foundation\\Exceptions\\Handler->prepareResponse()
#15 /var/www/laravel_test1/vendor/nunomaduro/collision/src/Adapters/Laravel/ExceptionHandler.php(54): Illuminate\\Foundation\\Exceptions\\Handler->render()
#16 /var/www/laravel_test1/vendor/laravel/framework/src/Illuminate/Routing/Pipeline.php(51): NunoMaduro\\Collision\\Adapters\\Laravel\\ExceptionHandler->render()
#17 /var/www/laravel_test1/vendor/laravel/framework/src/Illuminate/Pipeline/Pipeline.php(130): Illuminate\\Routing\\Pipeline->handleException()
#18 /var/www/laravel_test1/vendor/laravel/framework/src/Illuminate/Foundation/Http/Middleware/TransformsRequest.php(21): Illuminate\\Pipeline\\Pipeline->Illuminate\\Pipeline\\{closure}()
#19 /var/www/laravel_test1/vendor/laravel/framework/src/Illuminate/Pipeline/Pipeline.php(167): Illuminate\\Foundation\\Http\\Middleware\\TransformsRequest->handle()
#20 /var/www/laravel_test1/vendor/laravel/framework/src/Illuminate/Foundation/Http/Middleware/TransformsRequest.php(21): Illuminate\\Pipeline\\Pipeline->Illuminate\\Pipeline\\{closure}()
#21 /var/www/laravel_test1/vendor/laravel/framework/src/Illuminate/Pipeline/Pipeline.php(167): Illuminate\\Foundation\\Http\\Middleware\\TransformsRequest->handle()
#22 /var/www/laravel_test1/vendor/laravel/framework/src/Illuminate/Foundation/Http/Middleware/ValidatePostSize.php(27): Illuminate\\Pipeline\\Pipeline->Illuminate\\Pipeline\\{closure}()
#23 /var/www/laravel_test1/vendor/laravel/framework/src/Illuminate/Pipeline/Pipeline.php(167): Illuminate\\Foundation\\Http\\Middleware\\ValidatePostSize->handle()
#24 /var/www/laravel_test1/vendor/laravel/framework/src/Illuminate/Foundation/Http/Middleware/PreventRequestsDuringMaintenance.php(87): Illuminate\\Pipeline\\Pipeline->Illuminate\\Pipeline\\{closure}()
#25 /var/www/laravel_test1/vendor/laravel/framework/src/Illuminate/Pipeline/Pipeline.php(167): Illuminate\\Foundation\\Http\\Middleware\\PreventRequestsDuringMaintenance->handle()
#26 /var/www/laravel_test1/vendor/fruitcake/laravel-cors/src/HandleCors.php(37): Illuminate\\Pipeline\\Pipeline->Illuminate\\Pipeline\\{closure}()
#27 /var/www/laravel_test1/vendor/laravel/framework/src/Illuminate/Pipeline/Pipeline.php(167): Fruitcake\\Cors\\HandleCors->handle()
#28 /var/www/laravel_test1/vendor/fideloper/proxy/src/TrustProxies.php(57): Illuminate\\Pipeline\\Pipeline->Illuminate\\Pipeline\\{closure}()
#29 /var/www/laravel_test1/vendor/laravel/framework/src/Illuminate/Pipeline/Pipeline.php(167): Fideloper\\Proxy\\TrustProxies->handle()
#30 /var/www/laravel_test1/vendor/laravel/framework/src/Illuminate/Pipeline/Pipeline.php(103): Illuminate\\Pipeline\\Pipeline->Illuminate\\Pipeline\\{closure}()
#31 /var/www/laravel_test1/vendor/laravel/framework/src/Illuminate/Foundation/Http/Kernel.php(141): Illuminate\\Pipeline\\Pipeline->then()
#32 /var/www/laravel_test1/vendor/laravel/framework/src/Illuminate/Foundation/Http/Kernel.php(110): Illuminate\\Foundation\\Http\\Kernel->sendRequestThroughRouter()
#33 /var/www/laravel_test1/vendor/laravel/framework/src/Illuminate/Foundation/Testing/Concerns/MakesHttpRequests.php(508): Illuminate\\Foundation\\Http\\Kernel->handle()
#34 /var/www/laravel_test1/tests/Unit/TeHelperTest.php(17): Illuminate\\Foundation\\Testing\\TestCase->call()
#35 /var/www/laravel_test1/vendor/phpunit/phpunit/src/Framework/TestCase.php(1536): Tests\\Unit\\TeHelperTest->testHelper()
#36 /var/www/laravel_test1/vendor/phpunit/phpunit/src/Framework/TestCase.php(1142): PHPUnit\\Framework\\TestCase->runTest()
#37 /var/www/laravel_test1/vendor/phpunit/phpunit/src/Framework/TestResult.php(730): PHPUnit\\Framework\\TestCase->runBare()
#38 /var/www/laravel_test1/vendor/phpunit/phpunit/src/Framework/TestCase.php(883): PHPUnit\\Framework\\TestResult->run()
#39 /var/www/laravel_test1/vendor/phpunit/phpunit/src/Framework/TestSuite.php(669): PHPUnit\\Framework\\TestCase->run()
#40 /var/www/laravel_test1/vendor/phpunit/phpunit/src/TextUI/TestRunner.php(673): PHPUnit\\Framework\\TestSuite->run()
#41 /var/www/laravel_test1/vendor/phpunit/phpunit/src/TextUI/Command.php(148): PHPUnit\\TextUI\\TestRunner->run()
#42 /var/www/laravel_test1/vendor/phpunit/phpunit/src/TextUI/Command.php(101): PHPUnit\\TextUI\\Command->run()
#43 /var/www/laravel_test1/vendor/phpunit/phpunit/phpunit(61): PHPUnit\\TextUI\\Command::main()
#44 {main}
"} 
